<?xml version="1.0" encoding="UTF-8"?>
<testsuite name="Realizar compra en la pagina advantageonlineshopping" tests="2" skipped="0" failures="0" errors="0" timestamp="2020-03-21T22:37:14" hostname="SQAT1MDEWIN35" time="51.311">
  <properties/>
  <testcase name="Loguearme en la pagina advantageonlineshopping" classname="Realizar compra en la pagina advantageonlineshopping" time="20.093"/>
  <testcase name="Agregar Producto" classname="Realizar compra en la pagina advantageonlineshopping" time="31.214"/>
  <system-out><![CDATA[











































]]></system-out>
  <system-err><![CDATA[mar 21, 2020 5:37:14 PM org.openqa.selenium.remote.DesiredCapabilities chrome
INFORMACIÓN: Using `new ChromeOptions()` is preferred to `DesiredCapabilities.chrome()`
Starting ChromeDriver 79.0.3945.36 (3582db32b33893869b8c1339e8f4d9ed1816f143-refs/branch-heads/3945@{#614}) on port 33238
Only local connections are allowed.
Please protect ports used by ChromeDriver and related test frameworks to prevent access by malicious code.
[1584830237.661][WARNING]: This version of ChromeDriver has not been tested with Chrome version 80.
[1584830239.671][WARNING]: Timed out connecting to Chrome, retrying...
mar 21, 2020 5:37:21 PM org.openqa.selenium.remote.ProtocolHandshake createSession
INFORMACIÓN: Detected dialect: W3C
[Test worker] INFO net.thucydides.core.steps.ConsoleLoggingListener - 
        __    _____ _____ ____ _____   ____   _    ____  ____  _____ ____  
  _     \ \  |_   _| ____/ ___|_   _| |  _ \ / \  / ___|/ ___|| ____|  _ \ 
 (_)_____| |   | | |  _| \___ \ | |   | |_) / _ \ \___ \\___ \|  _| | | | |
  _|_____| |   | | | |___ ___) || |   |  __/ ___ \ ___) |___) | |___| |_| |
 (_)     | |   |_| |_____|____/ |_|   |_| /_/   \_\____/|____/|_____|____/ 
        /_/                                                                

TEST PASSED: Loguearme en la pagina advantageonlineshopping
----------------------------------------------------------------------------
mar 21, 2020 5:37:34 PM org.openqa.selenium.remote.DesiredCapabilities chrome
INFORMACIÓN: Using `new ChromeOptions()` is preferred to `DesiredCapabilities.chrome()`
[1584830255.093][WARNING]: This version of ChromeDriver has not been tested with Chrome version 80.
[1584830257.099][WARNING]: Timed out connecting to Chrome, retrying...
mar 21, 2020 5:37:39 PM org.openqa.selenium.remote.ProtocolHandshake createSession
INFORMACIÓN: Detected dialect: W3C
[Test worker] INFO net.thucydides.core.steps.ConsoleLoggingListener - 
        __    _____ _____ ____ _____   ____   _    ____  ____  _____ ____  
  _     \ \  |_   _| ____/ ___|_   _| |  _ \ / \  / ___|/ ___|| ____|  _ \ 
 (_)_____| |   | | |  _| \___ \ | |   | |_) / _ \ \___ \\___ \|  _| | | | |
  _|_____| |   | | | |___ ___) || |   |  __/ ___ \ ___) |___) | |___| |_| |
 (_)     | |   |_| |_____|____/ |_|   |_| /_/   \_\____/|____/|_____|____/ 
        /_/                                                                

TEST PASSED: Agregar Producto
----------------------------------------------------------------------------
]]></system-err>
</testsuite>
